<?xml version="1.0" encoding="UTF-8"?>
<!-- Generated by org.testng.reporters.JUnitXMLReporter -->
<testsuite ignored="0" hostname="DESKTOP-BN58AHQ" failures="0" tests="3" name="Default test" time="1.222" errors="0" timestamp="2025-10-04T00:20:17 GMT+06:00">
  <testcase classname="dataDriven.excelDataProvider.dataProvider" name="testCaseData" time="0.016"/>
  <testcase classname="dataDriven.excelDataProvider.dataProvider" name="testCaseData" time="0.003"/>
  <testcase classname="dataDriven.excelDataProvider.dataProvider" name="testCaseData" time="0.002"/>
</testsuite> <!-- Default test -->
