<?xml version="1.0" encoding="UTF-8"?>
<testng-results ignored="0" total="3" passed="3" failed="0" skipped="0">
  <reporter-output>
  </reporter-output>
  <suite started-at="2025-10-04T00:20:16 GMT+06:00" name="Default suite" finished-at="2025-10-04T00:20:17 GMT+06:00" duration-ms="1222">
    <groups>
    </groups>
    <test started-at="2025-10-04T00:20:16 GMT+06:00" name="Default test" finished-at="2025-10-04T00:20:17 GMT+06:00" duration-ms="1222">
      <class name="dataDriven.excelDataProvider.dataProvider">
        <test-method signature="testCaseData(java.lang.String,java.lang.String,java.lang.String)[pri:0, instance:dataDriven.excelDataProvider.dataProvider@b62d79]" started-at="2025-10-04T00:20:17 GMT+06:00" name="testCaseData" data-provider="driveTest" finished-at="2025-10-04T00:20:17 GMT+06:00" duration-ms="16" status="PASS">
          <params>
            <param index="0">
              <value>
                <![CDATA[Heelo]]>
              </value>
            </param>
            <param index="1">
              <value>
                <![CDATA[text]]>
              </value>
            </param>
            <param index="2">
              <value>
                <![CDATA[1]]>
              </value>
            </param>
          </params>
          <reporter-output>
          </reporter-output>
        </test-method> <!-- testCaseData -->
        <test-method signature="testCaseData(java.lang.String,java.lang.String,java.lang.String)[pri:0, instance:dataDriven.excelDataProvider.dataProvider@b62d79]" started-at="2025-10-04T00:20:17 GMT+06:00" name="testCaseData" data-provider="driveTest" finished-at="2025-10-04T00:20:17 GMT+06:00" duration-ms="3" status="PASS">
          <params>
            <param index="0">
              <value>
                <![CDATA[Bye ]]>
              </value>
            </param>
            <param index="1">
              <value>
                <![CDATA[message]]>
              </value>
            </param>
            <param index="2">
              <value>
                <![CDATA[143]]>
              </value>
            </param>
          </params>
          <reporter-output>
          </reporter-output>
        </test-method> <!-- testCaseData -->
        <test-method signature="testCaseData(java.lang.String,java.lang.String,java.lang.String)[pri:0, instance:dataDriven.excelDataProvider.dataProvider@b62d79]" started-at="2025-10-04T00:20:17 GMT+06:00" name="testCaseData" data-provider="driveTest" finished-at="2025-10-04T00:20:17 GMT+06:00" duration-ms="2" status="PASS">
          <params>
            <param index="0">
              <value>
                <![CDATA[Solo]]>
              </value>
            </param>
            <param index="1">
              <value>
                <![CDATA[call]]>
              </value>
            </param>
            <param index="2">
              <value>
                <![CDATA[453]]>
              </value>
            </param>
          </params>
          <reporter-output>
          </reporter-output>
        </test-method> <!-- testCaseData -->
      </class> <!-- dataDriven.excelDataProvider.dataProvider -->
    </test> <!-- Default test -->
  </suite> <!-- Default suite -->
</testng-results>
